2023-12-02 07:44:06.090 AM: error: APIError: Not Found
    at notFound (file:///home/admin/dev/capstone/middlewares/error.js:32:14)
    at Layer.handle [as handle_request] (/home/admin/dev/capstone/node_modules/express/lib/router/layer.js:95:5)
    at trim_prefix (/home/admin/dev/capstone/node_modules/express/lib/router/index.js:328:13)
    at /home/admin/dev/capstone/node_modules/express/lib/router/index.js:286:9
    at Function.process_params (/home/admin/dev/capstone/node_modules/express/lib/router/index.js:346:12)
    at next (/home/admin/dev/capstone/node_modules/express/lib/router/index.js:280:10)
    at Layer.handle [as handle_request] (/home/admin/dev/capstone/node_modules/express/lib/router/layer.js:91:12)
    at trim_prefix (/home/admin/dev/capstone/node_modules/express/lib/router/index.js:328:13)
    at /home/admin/dev/capstone/node_modules/express/lib/router/index.js:286:9
    at Function.process_params (/home/admin/dev/capstone/node_modules/express/lib/router/index.js:346:12)
2023-12-02 12:44:42.487 PM: error: ValidationError: "body.rating" is required. "body.occasion" is not allowed. "body.phone_number" is not allowed. "body.method_of_contact" is not allowed. "body.date_start" is not allowed. "body.date_end" is not allowed. "body.additional_information" is not allowed. "body.services" is not allowed. "body.special_request" is not allowed
2023-12-02 12:50:33.503 PM: error: APIError: Not Found
    at notFound (file:///home/admin/dev/capstone/middlewares/error.js:32:14)
    at Layer.handle [as handle_request] (/home/admin/dev/capstone/node_modules/express/lib/router/layer.js:95:5)
    at trim_prefix (/home/admin/dev/capstone/node_modules/express/lib/router/index.js:328:13)
    at /home/admin/dev/capstone/node_modules/express/lib/router/index.js:286:9
    at Function.process_params (/home/admin/dev/capstone/node_modules/express/lib/router/index.js:346:12)
    at next (/home/admin/dev/capstone/node_modules/express/lib/router/index.js:280:10)
    at Layer.handle [as handle_request] (/home/admin/dev/capstone/node_modules/express/lib/router/layer.js:91:12)
    at trim_prefix (/home/admin/dev/capstone/node_modules/express/lib/router/index.js:328:13)
    at /home/admin/dev/capstone/node_modules/express/lib/router/index.js:286:9
    at Function.process_params (/home/admin/dev/capstone/node_modules/express/lib/router/index.js:346:12)
2023-12-02 12:51:08.542 PM: error: TypeError: value.forEach is not a function
    at file:///home/admin/dev/capstone/controllers/publicInfoController.js:123:19
    at Array.map (<anonymous>)
    at createJobApp (file:///home/admin/dev/capstone/controllers/publicInfoController.js:105:52)
    at file:///home/admin/dev/capstone/utils/catchAsync.js:10:18
    at Layer.handle [as handle_request] (/home/admin/dev/capstone/node_modules/express/lib/router/layer.js:95:5)
    at next (/home/admin/dev/capstone/node_modules/express/lib/router/route.js:144:13)
    at file:///home/admin/dev/capstone/middlewares/validate.js:30:9
    at Layer.handle [as handle_request] (/home/admin/dev/capstone/node_modules/express/lib/router/layer.js:95:5)
    at next (/home/admin/dev/capstone/node_modules/express/lib/router/route.js:144:13)
    at Route.dispatch (/home/admin/dev/capstone/node_modules/express/lib/router/route.js:114:3)
2023-12-02 01:08:17.166 PM: error: Error
    at Query.run (/home/admin/dev/capstone/node_modules/sequelize/lib/dialects/mariadb/query.js:53:25)
    at /home/admin/dev/capstone/node_modules/sequelize/lib/sequelize.js:315:28
    at process.processTicksAndRejections (node:internal/process/task_queues:95:5)
    at async MySQLQueryInterface.insert (/home/admin/dev/capstone/node_modules/sequelize/lib/dialects/abstract/query-interface.js:308:21)
    at async ApplicationPrimaryModel.save (/home/admin/dev/capstone/node_modules/sequelize/lib/model.js:2490:35)
    at async application_personal.create (/home/admin/dev/capstone/node_modules/sequelize/lib/model.js:1362:12)
    at async createJobApp (file:///home/admin/dev/capstone/controllers/publicInfoController.js:91:30)
2023-12-02 01:12:48.521 PM: error: Error
    at Query.run (/home/admin/dev/capstone/node_modules/sequelize/lib/dialects/mariadb/query.js:53:25)
    at /home/admin/dev/capstone/node_modules/sequelize/lib/sequelize.js:315:28
    at process.processTicksAndRejections (node:internal/process/task_queues:95:5)
    at async MySQLQueryInterface.insert (/home/admin/dev/capstone/node_modules/sequelize/lib/dialects/abstract/query-interface.js:308:21)
    at async ApplicationPrimaryModel.save (/home/admin/dev/capstone/node_modules/sequelize/lib/model.js:2490:35)
    at async application_personal.create (/home/admin/dev/capstone/node_modules/sequelize/lib/model.js:1362:12)
    at async createJobApp (file:///home/admin/dev/capstone/controllers/publicInfoController.js:91:30)
2023-12-02 05:34:08.486 PM: error: Error
    at Query.run (/home/admin/dev/capstone/node_modules/sequelize/lib/dialects/mariadb/query.js:53:25)
    at /home/admin/dev/capstone/node_modules/sequelize/lib/sequelize.js:315:28
    at process.processTicksAndRejections (node:internal/process/task_queues:95:5)
    at async MySQLQueryInterface.insert (/home/admin/dev/capstone/node_modules/sequelize/lib/dialects/abstract/query-interface.js:308:21)
    at async ApplicationPrimaryModel.save (/home/admin/dev/capstone/node_modules/sequelize/lib/model.js:2490:35)
    at async application_personal.create (/home/admin/dev/capstone/node_modules/sequelize/lib/model.js:1362:12)
    at async createJobApp (file:///home/admin/dev/capstone/controllers/publicInfoController.js:91:30)
2023-12-02 05:49:44.548 PM: error: 	An err has occured: 
 (conn=951, no: 1451, SQLState: 23000) Cannot delete or update a parent row: a foreign key constraint fails
sql: DROP TABLE IF EXISTS `application_personals`; - parameters:[]
2023-12-02 05:49:44.565 PM: error: 	An err has occured: 
 (conn=951, no: 1005, SQLState: HY000) Can't create table `miguelsDB_dev`.`application_education_histories` (errno: 150 "Foreign key constraint is incorrectly formed")
sql: CREATE TABLE IF NOT EXISTS `application_education_histories` (`id` INTEGER UNSIGNED NOT NULL auto_increment , `application_fk_id` CHAR(36) BINARY NOT NULL, `school_name` VARCHAR(255) NOT NULL, `years_attended` INTEGER NOT NULL, `school_location` VARCHAR(25... - parameters:[]
2023-12-02 05:49:44.576 PM: error: 	An err has occured: 
 (conn=951, no: 1005, SQLState: HY000) Can't create table `miguelsDB_dev`.`application_employment_histories` (errno: 150 "Foreign key constraint is incorrectly formed")
sql: CREATE TABLE IF NOT EXISTS `application_employment_histories` (`id` INTEGER NOT NULL auto_increment , `application_fk_id` CHAR(36) BINARY NOT NULL, `position` VARCHAR(100) NOT NULL, `desired_salary` INTEGER NOT NULL, `date_available` DATETIME NOT NULL, `em... - parameters:[]
2023-12-02 05:49:44.584 PM: error: 	An err has occured: 
 (conn=951, no: 1005, SQLState: HY000) Can't create table `miguelsDB_dev`.`application_references` (errno: 150 "Foreign key constraint is incorrectly formed")
sql: CREATE TABLE IF NOT EXISTS `application_references` (`id` INTEGER NOT NULL auto_increment , `application_fk_id` CHAR(36) BINARY NOT NULL, `reference_name` VARCHAR(100) NOT NULL, `title` VARCHAR(100) NOT NULL, `company` VARCHAR(100) NOT NULL, `phone_number`... - parameters:[]
2023-12-02 06:32:58.936 PM: error: 	An err has occured: 
 (conn=1005, no: 1451, SQLState: 23000) Cannot delete or update a parent row: a foreign key constraint fails
sql: DROP TABLE IF EXISTS `application_primaries`; - parameters:[]
2023-12-02 06:36:13.604 PM: error: 	An err has occured: 
 (conn=1097, no: 1451, SQLState: 23000) Cannot delete or update a parent row: a foreign key constraint fails
sql: DROP TABLE IF EXISTS `application_primaries`; - parameters:[]
2023-12-02 06:36:26.468 PM: error: 	An err has occured: 
 (conn=1099, no: 1451, SQLState: 23000) Cannot delete or update a parent row: a foreign key constraint fails
sql: DROP TABLE IF EXISTS `application_primaries`; - parameters:[]
2023-12-02 06:42:37.380 PM: error: 	An err has occured: 
 (conn=1199, no: 1451, SQLState: 23000) Cannot delete or update a parent row: a foreign key constraint fails
sql: DROP TABLE IF EXISTS `application_primaries`; - parameters:[]
2023-12-02 06:50:47.757 PM: error: 	An err has occured: 
 (conn=1202, no: 1451, SQLState: 23000) Cannot delete or update a parent row: a foreign key constraint fails
sql: DROP TABLE IF EXISTS `application_primaries`; - parameters:[]
2023-12-02 06:51:55.074 PM: error: 	An err has occured: 
 (conn=1204, no: 1451, SQLState: 23000) Cannot delete or update a parent row: a foreign key constraint fails
sql: DROP TABLE IF EXISTS `application_primaries`; - parameters:[]
2023-12-02 06:52:28.492 PM: error: TypeError: created_models.setApplicationPrimaryModel is not a function
    at file:///home/admin/dev/capstone/controllers/publicInfoController.js:142:28
    at process.processTicksAndRejections (node:internal/process/task_queues:95:5)
    at async Promise.all (index 0)
    at async createJobApp (file:///home/admin/dev/capstone/controllers/publicInfoController.js:104:9)
2023-12-02 06:55:35.207 PM: error: 	An err has occured: 
 (conn=1207, no: 1451, SQLState: 23000) Cannot delete or update a parent row: a foreign key constraint fails
sql: DROP TABLE IF EXISTS `application_primaries`; - parameters:[]
2023-12-02 06:55:47.288 PM: error: TypeError: created_models.setApplicationPrimaryModel is not a function
    at file:///home/admin/dev/capstone/controllers/publicInfoController.js:142:28
    at process.processTicksAndRejections (node:internal/process/task_queues:95:5)
    at async Promise.all (index 0)
    at async createJobApp (file:///home/admin/dev/capstone/controllers/publicInfoController.js:104:9)
2023-12-02 07:03:08.802 PM: error: 	An err has occured: 
 (conn=1212, no: 1451, SQLState: 23000) Cannot delete or update a parent row: a foreign key constraint fails
sql: DROP TABLE IF EXISTS `application_primaries`; - parameters:[]
2023-12-02 07:03:19.084 PM: error: TypeError: created_models.setPrimaryInfo is not a function
    at file:///home/admin/dev/capstone/controllers/publicInfoController.js:147:28
    at process.processTicksAndRejections (node:internal/process/task_queues:95:5)
    at async Promise.all (index 0)
    at async createJobApp (file:///home/admin/dev/capstone/controllers/publicInfoController.js:109:9)
2023-12-02 07:22:17.170 PM: error: 	An err has occured: 
 (conn=1214, no: 1451, SQLState: 23000) Cannot delete or update a parent row: a foreign key constraint fails
sql: DROP TABLE IF EXISTS `application_primaries`; - parameters:[]
2023-12-02 07:36:07.636 PM: error: 	An err has occured: 
 (conn=1235, no: 1451, SQLState: 23000) Cannot delete or update a parent row: a foreign key constraint fails
sql: DROP TABLE IF EXISTS `application_primaries`; - parameters:[]
2023-12-02 07:36:34.230 PM: error: 	An err has occured: 
 (conn=1237, no: 1451, SQLState: 23000) Cannot delete or update a parent row: a foreign key constraint fails
sql: DROP TABLE IF EXISTS `application_primaries`; - parameters:[]
2023-12-02 07:38:21.154 PM: error: 	An err has occured: 
 (conn=1258, no: 1451, SQLState: 23000) Cannot delete or update a parent row: a foreign key constraint fails
sql: DROP TABLE IF EXISTS `application_primaries`; - parameters:[]
2023-12-02 07:57:35.428 PM: error: 	An err has occured: 
 (conn=1312, no: 1451, SQLState: 23000) Cannot delete or update a parent row: a foreign key constraint fails
sql: DROP TABLE IF EXISTS `hello_world`; - parameters:[]
2023-12-02 07:57:47.749 PM: error: TypeError: Cannot read properties of undefined (reading 'name')
    at file:///home/admin/dev/capstone/controllers/publicInfoController.js:146:46
    at process.processTicksAndRejections (node:internal/process/task_queues:95:5)
    at async Promise.all (index 0)
    at async createJobApp (file:///home/admin/dev/capstone/controllers/publicInfoController.js:104:9)
2023-12-02 07:59:23.065 PM: error: 	An err has occured: 
 (conn=1315, no: 1451, SQLState: 23000) Cannot delete or update a parent row: a foreign key constraint fails
sql: DROP TABLE IF EXISTS `hello_world`; - parameters:[]
2023-12-02 07:59:29.121 PM: error: TypeError: Cannot read properties of undefined (reading 'getTableName')
    at file:///home/admin/dev/capstone/controllers/publicInfoController.js:146:43
    at process.processTicksAndRejections (node:internal/process/task_queues:95:5)
    at async Promise.all (index 0)
    at async createJobApp (file:///home/admin/dev/capstone/controllers/publicInfoController.js:104:9)
2023-12-02 08:01:28.238 PM: error: 	An err has occured: 
 (conn=1317, no: 1451, SQLState: 23000) Cannot delete or update a parent row: a foreign key constraint fails
sql: DROP TABLE IF EXISTS `hello_world`; - parameters:[]
2023-12-02 08:07:12.889 PM: error: TypeError: PrimaryInfo.slice is not a function
    at file:///home/admin/dev/capstone/controllers/publicInfoController.js:143:91
    at process.processTicksAndRejections (node:internal/process/task_queues:95:5)
    at async Promise.all (index 0)
    at async createJobApp (file:///home/admin/dev/capstone/controllers/publicInfoController.js:104:9)
2023-12-02 08:07:27.049 PM: error: 	An err has occured: 
 (conn=1355, no: 1451, SQLState: 23000) Cannot delete or update a parent row: a foreign key constraint fails
sql: DROP TABLE IF EXISTS `application_primary`; - parameters:[]
2023-12-02 08:12:31.433 PM: error: 	An err has occured: 
 (conn=1357, no: 1451, SQLState: 23000) Cannot delete or update a parent row: a foreign key constraint fails
sql: DROP TABLE IF EXISTS `application_primary`; - parameters:[]
2023-12-02 08:16:32.446 PM: error: 	An err has occured: 
 (conn=1429, no: 1451, SQLState: 23000) Cannot delete or update a parent row: a foreign key constraint fails
sql: DROP TABLE IF EXISTS `application_primary`; - parameters:[]
2023-12-02 08:20:38.840 PM: error: 	An err has occured: 
 (conn=1440, no: 1451, SQLState: 23000) Cannot delete or update a parent row: a foreign key constraint fails
sql: DROP TABLE IF EXISTS `application_primary`; - parameters:[]
2023-12-02 08:21:04.072 PM: error: ReferenceError: _omit is not defined
    at createJobApp (file:///home/admin/dev/capstone/controllers/publicInfoController.js:96:26)
    at process.processTicksAndRejections (node:internal/process/task_queues:95:5)
2023-12-02 08:21:13.853 PM: error: 	An err has occured: 
 (conn=1467, no: 1451, SQLState: 23000) Cannot delete or update a parent row: a foreign key constraint fails
sql: DROP TABLE IF EXISTS `application_primary`; - parameters:[]
2023-12-02 08:21:26.834 PM: error: 	An err has occured: 
 (conn=1475, no: 1451, SQLState: 23000) Cannot delete or update a parent row: a foreign key constraint fails
sql: DROP TABLE IF EXISTS `application_primary`; - parameters:[]
2023-12-02 08:21:38.478 PM: error: APIError: [object Object]
    at file:///home/admin/dev/capstone/controllers/publicInfoController.js:119:27
    at Array.map (<anonymous>)
    at createJobApp (file:///home/admin/dev/capstone/controllers/publicInfoController.js:105:52)
    at process.processTicksAndRejections (node:internal/process/task_queues:95:5)
2023-12-02 08:21:58.015 PM: error: 	An err has occured: 
 (conn=1477, no: 1451, SQLState: 23000) Cannot delete or update a parent row: a foreign key constraint fails
sql: DROP TABLE IF EXISTS `application_primary`; - parameters:[]
2023-12-02 08:22:03.653 PM: error: APIError: [object Object]
    at file:///home/admin/dev/capstone/controllers/publicInfoController.js:119:27
    at Array.map (<anonymous>)
    at createJobApp (file:///home/admin/dev/capstone/controllers/publicInfoController.js:105:52)
    at process.processTicksAndRejections (node:internal/process/task_queues:95:5)
2023-12-02 08:22:52.105 PM: error: 	An err has occured: 
 (conn=1479, no: 1451, SQLState: 23000) Cannot delete or update a parent row: a foreign key constraint fails
sql: DROP TABLE IF EXISTS `application_primary`; - parameters:[]
2023-12-02 08:24:14.841 PM: error: 	An err has occured: 
 (conn=1481, no: 1451, SQLState: 23000) Cannot delete or update a parent row: a foreign key constraint fails
sql: DROP TABLE IF EXISTS `application_primary`; - parameters:[]
2023-12-02 08:24:26.773 PM: error: APIError: [object Object]
    at file:///home/admin/dev/capstone/controllers/publicInfoController.js:119:27
    at Array.map (<anonymous>)
    at createJobApp (file:///home/admin/dev/capstone/controllers/publicInfoController.js:105:52)
    at process.processTicksAndRejections (node:internal/process/task_queues:95:5)
2023-12-02 08:24:37.191 PM: error: 	An err has occured: 
 (conn=1483, no: 1451, SQLState: 23000) Cannot delete or update a parent row: a foreign key constraint fails
sql: DROP TABLE IF EXISTS `application_primary`; - parameters:[]
2023-12-02 08:24:39.199 PM: error: APIError: [object Object]
    at file:///home/admin/dev/capstone/controllers/publicInfoController.js:119:27
    at Array.map (<anonymous>)
    at createJobApp (file:///home/admin/dev/capstone/controllers/publicInfoController.js:105:52)
    at process.processTicksAndRejections (node:internal/process/task_queues:95:5)
2023-12-02 08:25:46.816 PM: error: 	An err has occured: 
 (conn=1518, no: 1451, SQLState: 23000) Cannot delete or update a parent row: a foreign key constraint fails
sql: DROP TABLE IF EXISTS `application_primary`; - parameters:[]
2023-12-02 09:05:35.430 PM: error: 	An err has occured: 
 (conn=1548, no: 1451, SQLState: 23000) Cannot delete or update a parent row: a foreign key constraint fails
sql: DROP TABLE IF EXISTS `application_primary`; - parameters:[]
2023-12-02 09:05:41.860 PM: error: APIError: [object Object]
    at file:///home/admin/dev/capstone/controllers/publicInfoController.js:119:27
    at Array.map (<anonymous>)
    at createJobApp (file:///home/admin/dev/capstone/controllers/publicInfoController.js:105:52)
    at process.processTicksAndRejections (node:internal/process/task_queues:95:5)
2023-12-02 09:06:10.450 PM: error: 	An err has occured: 
 (conn=1553, no: 1451, SQLState: 23000) Cannot delete or update a parent row: a foreign key constraint fails
sql: DROP TABLE IF EXISTS `application_primary`; - parameters:[]
2023-12-02 09:09:56.704 PM: error: 	An err has occured: 
 (conn=1559, no: 1451, SQLState: 23000) Cannot delete or update a parent row: a foreign key constraint fails
sql: DROP TABLE IF EXISTS `application_primary`; - parameters:[]
2023-12-02 09:44:19.557 PM: error: TypeError: created_models[associationFunctionName] is not a function
    at file:///home/admin/dev/capstone/controllers/publicInfoController.js:146:66
    at process.processTicksAndRejections (node:internal/process/task_queues:95:5)
    at async Promise.all (index 0)
    at async createJobApp (file:///home/admin/dev/capstone/controllers/publicInfoController.js:105:9)
2023-12-02 09:48:01.507 PM: error: TypeError: created_models[associationFunctionName] is not a function
    at file:///home/admin/dev/capstone/controllers/publicInfoController.js:146:66
    at process.processTicksAndRejections (node:internal/process/task_queues:95:5)
    at async Promise.all (index 0)
    at async createJobApp (file:///home/admin/dev/capstone/controllers/publicInfoController.js:105:9)
2023-12-02 10:02:40.437 PM: error: 	An err has occured: 
 (conn=1879, no: 1451, SQLState: 23000) Cannot delete or update a parent row: a foreign key constraint fails
sql: DROP TABLE IF EXISTS `application_primary`; - parameters:[]
2023-12-02 10:08:43.679 PM: error: SequelizeConnectionError: (conn=-1, no: 45012, SQLState: 08S01) Connection timeout: failed to create socket after 2619ms
    at ConnectionManager.connect (/home/admin/dev/capstone/node_modules/sequelize/lib/dialects/mariadb/connection-manager.js:100:17)
    at processTicksAndRejections (node:internal/process/task_queues:95:5)
    at runNextTicks (node:internal/process/task_queues:64:3)
    at listOnTimeout (node:internal/timers:540:9)
    at process.processTimers (node:internal/timers:514:7)
    at async ConnectionManager._connect (/home/admin/dev/capstone/node_modules/sequelize/lib/dialects/abstract/connection-manager.js:222:24)
